<?xml version="1.0" encoding="UTF-8"?>
<!-- Generated by org.testng.reporters.JUnitReportReporter -->
<testsuite hostname="DESKTOP-AM6U94K" failures="0" tests="1" name="com.Mohs10.TestScripts.Super_User_Edit_Delete" time="20.459" errors="0" timestamp="2023-10-05T18:45:32 IST" skipped="0">
  <testcase classname="com.Mohs10.TestScripts.Super_User_Edit_Delete" name="User_Edit_Delete" time="20.459"/>
  <system-out/>
</testsuite> <!-- com.Mohs10.TestScripts.Super_User_Edit_Delete -->
